c:\users\u1669330\downloads\space inavaders\space inavaders\breakout\debug\breakout.lib
c:\users\u1669330\downloads\space inavaders\space inavaders\breakout\debug\breakout.exp
c:\users\u1669330\downloads\space inavaders\space inavaders\breakout\breakout\debug\breakout.pch
c:\users\u1669330\downloads\space inavaders\space inavaders\breakout\breakout\debug\vc140.pdb
c:\users\u1669330\downloads\space inavaders\space inavaders\breakout\breakout\debug\vc140.idb
c:\users\u1669330\downloads\space inavaders\space inavaders\breakout\breakout\debug\pch.obj
c:\users\u1669330\downloads\space inavaders\space inavaders\breakout\breakout\debug\backgroundblock.obj
c:\users\u1669330\downloads\space inavaders\space inavaders\breakout\breakout\debug\block.obj
c:\users\u1669330\downloads\space inavaders\space inavaders\breakout\breakout\debug\borderblock.obj
c:\users\u1669330\downloads\space inavaders\space inavaders\breakout\breakout\debug\breakout.obj
c:\users\u1669330\downloads\space inavaders\space inavaders\breakout\breakout\debug\bullet.obj
c:\users\u1669330\downloads\space inavaders\space inavaders\breakout\breakout\debug\collisionbox.obj
c:\users\u1669330\downloads\space inavaders\space inavaders\breakout\breakout\debug\deviceresources.obj
c:\users\u1669330\downloads\space inavaders\space inavaders\breakout\breakout\debug\filereader.obj
c:\users\u1669330\downloads\space inavaders\space inavaders\breakout\breakout\debug\game.obj
c:\users\u1669330\downloads\space inavaders\space inavaders\breakout\breakout\debug\gamecontroller.obj
c:\users\u1669330\downloads\space inavaders\space inavaders\breakout\breakout\debug\gameover.obj
c:\users\u1669330\downloads\space inavaders\space inavaders\breakout\breakout\debug\main.obj
c:\users\u1669330\downloads\space inavaders\space inavaders\breakout\breakout\debug\menu.obj
c:\users\u1669330\downloads\space inavaders\space inavaders\breakout\breakout\debug\puck.obj
c:\users\u1669330\downloads\space inavaders\space inavaders\breakout\breakout\debug\spriteresources.obj
c:\users\u1669330\downloads\space inavaders\space inavaders\breakout\breakout\debug\standardblock.obj
c:\users\u1669330\downloads\space inavaders\space inavaders\breakout\breakout\debug\textwriter.obj
c:\users\u1669330\downloads\space inavaders\space inavaders\breakout\breakout\debug\toughblock.obj
c:\users\u1669330\downloads\space inavaders\space inavaders\breakout\debug\breakout.ilk
c:\users\u1669330\downloads\space inavaders\space inavaders\breakout\debug\breakout.exe
c:\users\u1669330\downloads\space inavaders\space inavaders\breakout\debug\breakout.pdb
c:\users\u1669330\downloads\space inavaders\space inavaders\breakout\breakout\debug\resource.res
c:\users\u1669330\downloads\space inavaders\space inavaders\breakout\breakout\debug\breakout.exe.embed.manifest.res
c:\users\u1669330\downloads\space inavaders\space inavaders\breakout\breakout\debug\disc.obj
c:\users\u1669330\downloads\space inavaders\space inavaders\breakout\breakout\debug\breakout.obj.enc
c:\users\u1669330\downloads\space inavaders\space inavaders\breakout\breakout\debug\breakout.exe.embed.manifest
c:\users\u1669330\downloads\space inavaders\space inavaders\breakout\breakout\debug\breakout_manifest.rc
c:\users\u1669330\downloads\space inavaders\space inavaders\breakout\breakout\debug\breakout.tlog\breakout.write.1u.tlog
c:\users\u1669330\downloads\space inavaders\space inavaders\breakout\breakout\debug\breakout.tlog\cl.command.1.tlog
c:\users\u1669330\downloads\space inavaders\space inavaders\breakout\breakout\debug\breakout.tlog\cl.read.1.tlog
c:\users\u1669330\downloads\space inavaders\space inavaders\breakout\breakout\debug\breakout.tlog\cl.write.1.tlog
c:\users\u1669330\downloads\space inavaders\space inavaders\breakout\breakout\debug\breakout.tlog\link.command.1.tlog
c:\users\u1669330\downloads\space inavaders\space inavaders\breakout\breakout\debug\breakout.tlog\link.read.1.tlog
c:\users\u1669330\downloads\space inavaders\space inavaders\breakout\breakout\debug\breakout.tlog\link.write.1.tlog
c:\users\u1669330\downloads\space inavaders\space inavaders\breakout\breakout\debug\breakout.tlog\rc.command.1.tlog
c:\users\u1669330\downloads\space inavaders\space inavaders\breakout\breakout\debug\breakout.tlog\rc.read.1.tlog
c:\users\u1669330\downloads\space inavaders\space inavaders\breakout\breakout\debug\breakout.tlog\rc.write.1.tlog
